<?xml version="1.0" encoding="UTF-8"?>
<testng-results skipped="0" failed="0" ignored="0" total="1" passed="1">
  <reporter-output>
  </reporter-output>
  <suite name="Default suite" duration-ms="107" started-at="2021-02-22T14:01:58 EST" finished-at="2021-02-22T14:01:58 EST">
    <groups>
    </groups>
    <test name="Default test" duration-ms="107" started-at="2021-02-22T14:01:58 EST" finished-at="2021-02-22T14:01:58 EST">
      <class name="practicejenkins.tests">
        <test-method status="PASS" signature="method()[pri:0, instance:practicejenkins.tests@78e67e0a]" name="method" duration-ms="8" started-at="2021-02-22T14:01:58 EST" finished-at="2021-02-22T14:01:58 EST">
          <reporter-output>
          </reporter-output>
        </test-method> <!-- method -->
      </class> <!-- practicejenkins.tests -->
    </test> <!-- Default test -->
  </suite> <!-- Default suite -->
</testng-results>
